<?xml version="1.0" encoding="UTF-8"?>
<!-- Generated by org.testng.reporters.JUnitReportReporter -->
<testsuite skipped="0" hostname="DESKTOP-0PTHPNK" name="com.shreeya.Execution" tests="1" failures="0" timestamp="2020-04-17T23:20:34 IST" time="175.791" errors="0">
  <testcase name="execution" time="175.791" classname="com.shreeya.Execution"/>
</testsuite> <!-- com.shreeya.Execution -->
