<?xml version="1.0" encoding="UTF-8"?>
<!-- Generated by org.testng.reporters.JUnitReportReporter -->
<testsuite skipped="0" hostname="DESKTOP-0PTHPNK" name="com.shreeya.MyTestLauncher" tests="1" failures="0" timestamp="2020-04-16T12:30:40 IST" time="108.703" errors="0">
  <testcase name="main1" time="108.703" classname="com.shreeya.MyTestLauncher"/>
</testsuite> <!-- com.shreeya.MyTestLauncher -->
