<?xml version="1.0" encoding="UTF-8"?>
<!-- Generated by org.testng.reporters.JUnitReportReporter -->
<testsuite skipped="0" hostname="DESKTOP-0PTHPNK" name="com.shreeya.Execution" tests="2" failures="0" timestamp="2020-04-16T19:31:04 IST" time="166.828" errors="0">
  <testcase name="execution" time="85.110" classname="com.shreeya.Execution"/>
  <testcase name="execution" time="81.718" classname="com.shreeya.Execution"/>
</testsuite> <!-- com.shreeya.Execution -->
