<?xml version="1.0" encoding="UTF-8"?>
<!-- Generated by org.testng.reporters.JUnitReportReporter -->
<testsuite skipped="0" hostname="DESKTOP-0PTHPNK" name="com.shreeya.experiment.TestNgTag" tests="2" failures="0" timestamp="2020-04-27T14:56:08 IST" time="37.370" errors="0">
  <testcase name="shreeyaExecution" time="19.032" classname="com.shreeya.experiment.TestNgTag"/>
  <testcase name="pravinaExecution" time="18.338" classname="com.shreeya.experiment.TestNgTag"/>
</testsuite> <!-- com.shreeya.experiment.TestNgTag -->
