<?xml version="1.0" encoding="UTF-8"?>
<!-- Generated by org.testng.reporters.JUnitReportReporter -->
<testsuite skipped="0" hostname="DESKTOP-0PTHPNK" name="com.shreeya.FunctionKeyword" tests="1" failures="0" timestamp="2020-07-01T13:34:18 IST" time="458.760" errors="0">
  <testcase name="executionWithKeyword" time="458.760" classname="com.shreeya.FunctionKeyword"/>
</testsuite> <!-- com.shreeya.FunctionKeyword -->
