<?xml version="1.0" encoding="UTF-8"?>
<!-- Generated by org.testng.reporters.JUnitReportReporter -->
<testsuite skipped="0" hostname="DESKTOP-0PTHPNK" name="com.shreeya.Execution" tests="2" failures="0" timestamp="2020-04-21T15:18:43 IST" time="174.410" errors="0">
  <testcase name="execution" time="89.156" classname="com.shreeya.Execution"/>
  <testcase name="execution" time="85.254" classname="com.shreeya.Execution"/>
</testsuite> <!-- com.shreeya.Execution -->
