<?xml version="1.0" encoding="UTF-8"?>
<!-- Generated by org.testng.reporters.JUnitReportReporter -->
<testsuite skipped="0" hostname="DESKTOP-0PTHPNK" name="com.shreeya.Execution" tests="2" failures="0" timestamp="2020-04-17T11:29:27 IST" time="212.289" errors="0">
  <testcase name="execution" time="123.093" classname="com.shreeya.Execution"/>
  <testcase name="execution" time="89.196" classname="com.shreeya.Execution"/>
</testsuite> <!-- com.shreeya.Execution -->
