<?xml version="1.0" encoding="UTF-8"?>
<!-- Generated by org.testng.reporters.JUnitReportReporter -->
<testsuite skipped="1" hostname="DESKTOP-0PTHPNK" name="com.shreeya.KeywardDriven" tests="3" failures="0" timestamp="2020-05-05T20:47:26 IST" time="0.042" errors="0">
  <testcase name="seeMarginKeyword" time="0.025" classname="com.shreeya.KeywardDriven"/>
  <testcase name="fundTransfterKeyword" time="0.017" classname="com.shreeya.KeywardDriven"/>
  <testcase name="myPositionsKeyword" classname="com.shreeya.KeywardDriven">
    <skipped/>
  </testcase> <!-- myPositionsKeyword -->
</testsuite> <!-- com.shreeya.KeywardDriven -->
