<?xml version="1.0" encoding="UTF-8"?>
<!-- Generated by org.testng.reporters.JUnitReportReporter -->
<testsuite skipped="0" hostname="DESKTOP-0PTHPNK" name="com.shreeya.TestLaunch" tests="1" failures="0" timestamp="2020-04-03T20:35:43 IST" time="202.268" errors="0">
  <testcase name="main" time="202.268" classname="com.shreeya.TestLaunch"/>
</testsuite> <!-- com.shreeya.TestLaunch -->
