<?xml version="1.0" encoding="UTF-8"?>
<!-- Generated by org.testng.reporters.JUnitReportReporter -->
<testsuite skipped="0" hostname="DESKTOP-0PTHPNK" name="com.shreeya.FunctionKeyword" tests="2" failures="0" timestamp="2020-04-29T22:19:14 IST" time="55.523" errors="0">
  <testcase name="executionWithKeyword" time="28.035" classname="com.shreeya.FunctionKeyword"/>
  <testcase name="executionWithKeyword" time="27.488" classname="com.shreeya.FunctionKeyword"/>
</testsuite> <!-- com.shreeya.FunctionKeyword -->
