<?xml version="1.0" encoding="UTF-8"?>
<!-- Generated by org.testng.reporters.JUnitReportReporter -->
<testsuite skipped="0" hostname="DESKTOP-0PTHPNK" name="com.shreeya.Execution" tests="2" failures="0" timestamp="2020-04-15T19:37:44 IST" time="265.070" errors="0">
  <testcase name="execution" time="134.867" classname="com.shreeya.Execution"/>
  <testcase name="execution" time="130.203" classname="com.shreeya.Execution"/>
</testsuite> <!-- com.shreeya.Execution -->
