<?xml version="1.0" encoding="UTF-8"?>
<!-- Generated by org.testng.reporters.JUnitReportReporter -->
<testsuite skipped="0" hostname="DESKTOP-0PTHPNK" name="com.shreeya.experiment.ParalleExecution" tests="2" failures="0" timestamp="2020-04-14T13:30:19 IST" time="88.470" errors="0">
  <testcase name="firstExecution1" time="44.327" classname="com.shreeya.experiment.ParalleExecution"/>
  <testcase name="firstExecution1" time="44.143" classname="com.shreeya.experiment.ParalleExecution"/>
</testsuite> <!-- com.shreeya.experiment.ParalleExecution -->
