<?xml version="1.0" encoding="UTF-8"?>
<!-- Generated by org.testng.reporters.JUnitReportReporter -->
<testsuite skipped="0" hostname="DESKTOP-0PTHPNK" name="com.shreeya.Execution" tests="2" failures="0" timestamp="2020-04-18T12:44:57 IST" time="468.855" errors="0">
  <testcase name="execution" time="235.381" classname="com.shreeya.Execution"/>
  <testcase name="execution" time="233.474" classname="com.shreeya.Execution"/>
</testsuite> <!-- com.shreeya.Execution -->
