<?xml version="1.0" encoding="UTF-8"?>
<!-- Generated by org.testng.reporters.JUnitReportReporter -->
<testsuite skipped="0" hostname="DESKTOP-0PTHPNK" name="com.shreeya.FunctionKeyword" tests="2" failures="0" timestamp="2020-04-23T19:05:26 IST" time="188.428" errors="0">
  <testcase name="executionWithKeyword" time="92.449" classname="com.shreeya.FunctionKeyword"/>
  <testcase name="executionWithKeyword" time="95.979" classname="com.shreeya.FunctionKeyword"/>
</testsuite> <!-- com.shreeya.FunctionKeyword -->
