<?xml version="1.0" encoding="UTF-8"?>
<!-- Generated by org.testng.reporters.JUnitReportReporter -->
<testsuite skipped="0" hostname="DESKTOP-0PTHPNK" name="com.shreeya.Execution" tests="2" failures="0" timestamp="2020-04-20T11:23:53 IST" time="207.338" errors="0">
  <testcase name="execution" time="90.168" classname="com.shreeya.Execution"/>
  <testcase name="execution" time="117.170" classname="com.shreeya.Execution"/>
</testsuite> <!-- com.shreeya.Execution -->
