<?xml version="1.0" encoding="UTF-8"?>
<!-- Generated by org.testng.reporters.JUnitReportReporter -->
<testsuite skipped="0" hostname="DESKTOP-0PTHPNK" name="com.shreeya.experiment.TestNgTag" tests="2" failures="0" timestamp="2020-04-15T13:01:00 IST" time="0.043" errors="0">
  <testcase name="m3" time="0.040" classname="com.shreeya.experiment.TestNgTag"/>
  <testcase name="m4" time="0.003" classname="com.shreeya.experiment.TestNgTag"/>
</testsuite> <!-- com.shreeya.experiment.TestNgTag -->
