<?xml version="1.0" encoding="UTF-8"?>
<!-- Generated by org.testng.reporters.JUnitReportReporter -->
<testsuite skipped="0" hostname="DESKTOP-0PTHPNK" name="com.shreeya.amazone.TestFactory1" tests="1" failures="0" timestamp="2020-04-16T11:43:29 IST" time="0.074" errors="0">
  <testcase name="playerName" time="0.074" classname="com.shreeya.amazone.TestFactory1"/>
</testsuite> <!-- com.shreeya.amazone.TestFactory1 -->
