<?xml version="1.0" encoding="UTF-8"?>
<!-- Generated by org.testng.reporters.JUnitReportReporter -->
<testsuite skipped="0" hostname="DESKTOP-0PTHPNK" name="com.shreeya.experiment.ParalleExecution" tests="2" failures="0" timestamp="2020-04-14T17:46:13 IST" time="98.974" errors="0">
  <testcase name="firstExecution1" time="49.248" classname="com.shreeya.experiment.ParalleExecution"/>
  <testcase name="firstExecution1" time="49.726" classname="com.shreeya.experiment.ParalleExecution"/>
</testsuite> <!-- com.shreeya.experiment.ParalleExecution -->
